<?xml version="1.0" encoding="UTF-8"?>
<!-- Generated by org.testng.reporters.JUnitXMLReporter -->
<testsuite hostname="LAPTOP-RBB10BGR" ignored="1" name="Default test" tests="4" failures="0" timestamp="09 Nov 2021 17:19:51 GMT" time="6.942" errors="0">
  <testcase name="addContact" time="3.851" classname="day1.PositiveTest"/>
  <testcase name="UpdateContact" time="1.189" classname="day1.PositiveTest"/>
  <testcase name="getSpecficContact" time="0.83" classname="day1.PositiveTest"/>
  <testcase name="DeleteSpecficContact" time="1.052" classname="day1.PositiveTest"/>
  <testcase name="getAllContactList" time="0.0" classname="day1.PositiveTest">
    <ignored/>
  </testcase> <!-- getAllContactList -->
</testsuite> <!-- Default test -->
